{
  "numFailedTestSuites": 0,
  "numFailedTests": 0,
  "numPassedTestSuites": 1,
  "numPassedTests": 16,
  "numPendingTestSuites": 0,
  "numPendingTests": 0,
  "numRuntimeErrorTestSuites": 0,
  "numTodoTests": 0,
  "numTotalTestSuites": 1,
  "numTotalTests": 16,
  "openHandles": [],
  "snapshot": {
    "added": 0,
    "didUpdate": false,
    "failure": false,
    "filesAdded": 0,
    "filesRemoved": 0,
    "filesRemovedList": [],
    "filesUnmatched": 0,
    "filesUpdated": 0,
    "matched": 1,
    "total": 1,
    "unchecked": 0,
    "uncheckedKeysByFile": [],
    "unmatched": 0,
    "updated": 0
  },
  "startTime": 1575899441840,
  "success": true,
  "testResults": [
    {
      "assertionResults": [
        {
          "ancestorTitles": ["<AtomicCarousel />"],
          "failureMessages": [],
          "fullName": "<AtomicCarousel /> Should render correctly",
          "location": null,
          "status": "passed",
          "title": "Should render correctly"
        },
        {
          "ancestorTitles": ["<AtomicCarousel />"],
          "failureMessages": [],
          "fullName": "<AtomicCarousel /> Should render dots correctly",
          "location": null,
          "status": "passed",
          "title": "Should render dots correctly"
        },
        {
          "ancestorTitles": ["<AtomicCarousel />"],
          "failureMessages": [],
          "fullName": "<AtomicCarousel /> Should render navigation correctly",
          "location": null,
          "status": "passed",
          "title": "Should render navigation correctly"
        },
        {
          "ancestorTitles": ["<AtomicCarousel />"],
          "failureMessages": [],
          "fullName": "<AtomicCarousel /> Should increase slideIndex on click next",
          "location": null,
          "status": "passed",
          "title": "Should increase slideIndex on click next"
        },
        {
          "ancestorTitles": ["<AtomicCarousel />"],
          "failureMessages": [],
          "fullName": "<AtomicCarousel /> Should increase slideIndex on key press next",
          "location": null,
          "status": "passed",
          "title": "Should increase slideIndex on key press next"
        },
        {
          "ancestorTitles": ["<AtomicCarousel />"],
          "failureMessages": [],
          "fullName": "<AtomicCarousel /> Should decrease slideIndex on click prev",
          "location": null,
          "status": "passed",
          "title": "Should decrease slideIndex on click prev"
        },
        {
          "ancestorTitles": ["<AtomicCarousel />"],
          "failureMessages": [],
          "fullName": "<AtomicCarousel /> Should decrease slideIndex on key press prev",
          "location": null,
          "status": "passed",
          "title": "Should decrease slideIndex on key press prev"
        },
        {
          "ancestorTitles": ["<AtomicCarousel />"],
          "failureMessages": [],
          "fullName": "<AtomicCarousel /> Should show specific slideIndex on click specific dot",
          "location": null,
          "status": "passed",
          "title": "Should show specific slideIndex on click specific dot"
        },
        {
          "ancestorTitles": ["<AtomicCarousel />"],
          "failureMessages": [],
          "fullName": "<AtomicCarousel /> Should show required number of slides",
          "location": null,
          "status": "passed",
          "title": "Should show required number of slides"
        },
        {
          "ancestorTitles": ["<AtomicCarousel />"],
          "failureMessages": [],
          "fullName": "<AtomicCarousel /> Should render next button Label correctly",
          "location": null,
          "status": "passed",
          "title": "Should render next button Label correctly"
        },
        {
          "ancestorTitles": ["<AtomicCarousel />"],
          "failureMessages": [],
          "fullName": "<AtomicCarousel /> Should render previous button Label correctly",
          "location": null,
          "status": "passed",
          "title": "Should render previous button Label correctly"
        },
        {
          "ancestorTitles": ["<AtomicCarousel />"],
          "failureMessages": [],
          "fullName": "<AtomicCarousel /> Should render heading text correctly",
          "location": null,
          "status": "passed",
          "title": "Should render heading text correctly"
        },
        {
          "ancestorTitles": ["<AtomicCarousel />"],
          "failureMessages": [],
          "fullName": "<AtomicCarousel /> Should render header correctly",
          "location": null,
          "status": "passed",
          "title": "Should render header correctly"
        },
        {
          "ancestorTitles": ["<AtomicCarousel />"],
          "failureMessages": [],
          "fullName": "<AtomicCarousel /> Should render play/stop label correctly",
          "location": null,
          "status": "passed",
          "title": "Should render play/stop label correctly"
        },
        {
          "ancestorTitles": ["<AtomicCarousel />"],
          "failureMessages": [],
          "fullName": "<AtomicCarousel /> Should render animation correctly",
          "location": null,
          "status": "passed",
          "title": "Should render animation correctly"
        },
        {
          "ancestorTitles": ["<AtomicCarousel />"],
          "failureMessages": [],
          "fullName": "<AtomicCarousel /> Should stop rendering on mouse enter",
          "location": null,
          "status": "passed",
          "title": "Should stop rendering on mouse enter"
        }
      ],
      "endTime": 1575899448603,
      "message": "",
      "name": "C:\\Users\\amajain3\\Documents\\atomic-react-components\\lib\\components\\molecules\\AtomicCarousel\\tests\\AtomicCarousel.test.js",
      "startTime": 1575899446757,
      "status": "passed",
      "summary": ""
    }
  ],
  "wasInterrupted": false,
  "coverageMap": {
    "C:\\Users\\amajain3\\Documents\\atomic-react-components\\lib\\components\\molecules\\AtomicCarousel\\AtomicCarousel.js": {
      "path": "C:\\Users\\amajain3\\Documents\\atomic-react-components\\lib\\components\\molecules\\AtomicCarousel\\AtomicCarousel.js",
      "statementMap": {
        "0": { "start": { "line": 18, "column": 23 }, "end": { "line": 305, "column": 1 } },
        "1": { "start": { "line": 37, "column": 42 }, "end": { "line": 37, "column": 53 } },
        "2": { "start": { "line": 38, "column": 26 }, "end": { "line": 38, "column": 38 } },
        "3": { "start": { "line": 39, "column": 38 }, "end": { "line": 39, "column": 49 } },
        "4": { "start": { "line": 40, "column": 45 }, "end": { "line": 40, "column": 60 } },
        "5": { "start": { "line": 41, "column": 40 }, "end": { "line": 41, "column": 55 } },
        "6": { "start": { "line": 43, "column": 23 }, "end": { "line": 43, "column": 72 } },
        "7": { "start": { "line": 43, "column": 56 }, "end": { "line": 43, "column": 71 } },
        "8": { "start": { "line": 44, "column": 21 }, "end": { "line": 46, "column": 4 } },
        "9": { "start": { "line": 45, "column": 4 }, "end": { "line": 45, "column": 38 } },
        "10": { "start": { "line": 47, "column": 21 }, "end": { "line": 49, "column": 4 } },
        "11": { "start": { "line": 48, "column": 4 }, "end": { "line": 48, "column": 38 } },
        "12": { "start": { "line": 50, "column": 26 }, "end": { "line": 53, "column": 4 } },
        "13": { "start": { "line": 51, "column": 4 }, "end": { "line": 51, "column": 38 } },
        "14": { "start": { "line": 52, "column": 4 }, "end": { "line": 52, "column": 40 } },
        "15": { "start": { "line": 55, "column": 2 }, "end": { "line": 75, "column": 9 } },
        "16": { "start": { "line": 56, "column": 4 }, "end": { "line": 74, "column": 5 } },
        "17": { "start": { "line": 57, "column": 14 }, "end": { "line": 57, "column": 15 } },
        "18": { "start": { "line": 58, "column": 23 }, "end": { "line": 58, "column": 25 } },
        "19": { "start": { "line": 59, "column": 6 }, "end": { "line": 66, "column": 7 } },
        "20": { "start": { "line": 60, "column": 8 }, "end": { "line": 60, "column": 46 } },
        "21": { "start": { "line": 62, "column": 8 }, "end": { "line": 65, "column": 11 } },
        "22": { "start": { "line": 63, "column": 10 }, "end": { "line": 63, "column": 17 } },
        "23": { "start": { "line": 64, "column": 10 }, "end": { "line": 64, "column": 36 } },
        "24": { "start": { "line": 68, "column": 6 }, "end": { "line": 68, "column": 26 } },
        "25": { "start": { "line": 69, "column": 6 }, "end": { "line": 69, "column": 66 } },
        "26": { "start": { "line": 70, "column": 6 }, "end": { "line": 73, "column": 7 } },
        "27": { "start": { "line": 71, "column": 8 }, "end": { "line": 71, "column": 27 } },
        "28": { "start": { "line": 72, "column": 8 }, "end": { "line": 72, "column": 29 } },
        "29": { "start": { "line": 78, "column": 4 }, "end": { "line": 80, "column": 5 } },
        "30": { "start": { "line": 79, "column": 6 }, "end": { "line": 79, "column": 19 } },
        "31": { "start": { "line": 83, "column": 2 }, "end": { "line": 89, "column": 4 } },
        "32": { "start": { "line": 85, "column": 27 }, "end": { "line": 85, "column": 73 } },
        "33": { "start": { "line": 86, "column": 6 }, "end": { "line": 86, "column": 40 } },
        "34": { "start": { "line": 100, "column": 26 }, "end": { "line": 100, "column": 28 } },
        "35": { "start": { "line": 102, "column": 4 }, "end": { "line": 110, "column": 5 } },
        "36": { "start": { "line": 102, "column": 18 }, "end": { "line": 102, "column": 19 } },
        "37": { "start": { "line": 103, "column": 6 }, "end": { "line": 109, "column": 8 } },
        "38": { "start": { "line": 105, "column": 40 }, "end": { "line": 105, "column": 65 } },
        "39": { "start": { "line": 112, "column": 4 }, "end": { "line": 112, "column": 25 } },
        "40": { "start": { "line": 126, "column": 18 }, "end": { "line": 132, "column": 3 } },
        "41": { "start": { "line": 127, "column": 4 }, "end": { "line": 131, "column": 6 } },
        "42": { "start": { "line": 140, "column": 23 }, "end": { "line": 144, "column": 3 } },
        "43": { "start": { "line": 141, "column": 4 }, "end": { "line": 143, "column": 10 } },
        "44": { "start": { "line": 159, "column": 27 }, "end": { "line": 172, "column": 3 } },
        "45": { "start": { "line": 160, "column": 23 }, "end": { "line": 160, "column": 25 } },
        "46": { "start": { "line": 161, "column": 18 }, "end": { "line": 161, "column": 74 } },
        "47": { "start": { "line": 163, "column": 4 }, "end": { "line": 169, "column": 5 } },
        "48": { "start": { "line": 164, "column": 6 }, "end": { "line": 166, "column": 7 } },
        "49": { "start": { "line": 164, "column": 19 }, "end": { "line": 164, "column": 24 } },
        "50": { "start": { "line": 165, "column": 8 }, "end": { "line": 165, "column": 53 } },
        "51": { "start": { "line": 168, "column": 6 }, "end": { "line": 168, "column": 64 } },
        "52": { "start": { "line": 171, "column": 4 }, "end": { "line": 171, "column": 22 } },
        "53": { "start": { "line": 180, "column": 24 }, "end": { "line": 184, "column": 3 } },
        "54": { "start": { "line": 181, "column": 4 }, "end": { "line": 183, "column": 5 } },
        "55": { "start": { "line": 182, "column": 6 }, "end": { "line": 182, "column": 19 } },
        "56": { "start": { "line": 192, "column": 27 }, "end": { "line": 196, "column": 3 } },
        "57": { "start": { "line": 193, "column": 4 }, "end": { "line": 195, "column": 5 } },
        "58": { "start": { "line": 194, "column": 6 }, "end": { "line": 194, "column": 26 } },
        "59": { "start": { "line": 204, "column": 27 }, "end": { "line": 208, "column": 3 } },
        "60": { "start": { "line": 205, "column": 4 }, "end": { "line": 207, "column": 5 } },
        "61": { "start": { "line": 206, "column": 6 }, "end": { "line": 206, "column": 25 } },
        "62": { "start": { "line": 213, "column": 27 }, "end": { "line": 257, "column": 3 } },
        "63": { "start": { "line": 214, "column": 4 }, "end": { "line": 256, "column": 6 } },
        "64": { "start": { "line": 259, "column": 20 }, "end": { "line": 267, "column": 3 } },
        "65": { "start": { "line": 260, "column": 4 }, "end": { "line": 266, "column": 6 } },
        "66": { "start": { "line": 269, "column": 25 }, "end": { "line": 275, "column": 3 } },
        "67": { "start": { "line": 270, "column": 4 }, "end": { "line": 274, "column": 6 } },
        "68": { "start": { "line": 277, "column": 28 }, "end": { "line": 292, "column": 3 } },
        "69": { "start": { "line": 278, "column": 4 }, "end": { "line": 291, "column": 6 } },
        "70": { "start": { "line": 294, "column": 2 }, "end": { "line": 304, "column": 4 } },
        "71": { "start": { "line": 307, "column": 0 }, "end": { "line": 323, "column": 2 } }
      },
      "fnMap": {
        "0": {
          "name": "(anonymous_0)",
          "decl": { "start": { "line": 18, "column": 23 }, "end": { "line": 18, "column": 24 } },
          "loc": { "start": { "line": 36, "column": 19 }, "end": { "line": 305, "column": 1 } },
          "line": 36
        },
        "1": {
          "name": "(anonymous_1)",
          "decl": { "start": { "line": 43, "column": 35 }, "end": { "line": 43, "column": 36 } },
          "loc": { "start": { "line": 43, "column": 56 }, "end": { "line": 43, "column": 71 } },
          "line": 43
        },
        "2": {
          "name": "(anonymous_2)",
          "decl": { "start": { "line": 44, "column": 33 }, "end": { "line": 44, "column": 34 } },
          "loc": { "start": { "line": 44, "column": 39 }, "end": { "line": 46, "column": 3 } },
          "line": 44
        },
        "3": {
          "name": "(anonymous_3)",
          "decl": { "start": { "line": 47, "column": 33 }, "end": { "line": 47, "column": 34 } },
          "loc": { "start": { "line": 47, "column": 39 }, "end": { "line": 49, "column": 3 } },
          "line": 47
        },
        "4": {
          "name": "(anonymous_4)",
          "decl": { "start": { "line": 50, "column": 38 }, "end": { "line": 50, "column": 39 } },
          "loc": { "start": { "line": 50, "column": 44 }, "end": { "line": 53, "column": 3 } },
          "line": 50
        },
        "5": {
          "name": "(anonymous_5)",
          "decl": { "start": { "line": 55, "column": 18 }, "end": { "line": 55, "column": 19 } },
          "loc": { "start": { "line": 55, "column": 24 }, "end": { "line": 75, "column": 3 } },
          "line": 55
        },
        "6": {
          "name": "(anonymous_6)",
          "decl": { "start": { "line": 62, "column": 34 }, "end": { "line": 62, "column": 35 } },
          "loc": { "start": { "line": 62, "column": 42 }, "end": { "line": 65, "column": 9 } },
          "line": 62
        },
        "7": {
          "name": "handlePreviousKey",
          "decl": { "start": { "line": 77, "column": 11 }, "end": { "line": 77, "column": 28 } },
          "loc": { "start": { "line": 77, "column": 36 }, "end": { "line": 81, "column": 3 } },
          "line": 77
        },
        "8": {
          "name": "(anonymous_8)",
          "decl": { "start": { "line": 84, "column": 4 }, "end": { "line": 84, "column": 5 } },
          "loc": { "start": { "line": 84, "column": 10 }, "end": { "line": 87, "column": 5 } },
          "line": 84
        },
        "9": {
          "name": "getSliderDots",
          "decl": { "start": { "line": 99, "column": 11 }, "end": { "line": 99, "column": 24 } },
          "loc": { "start": { "line": 99, "column": 47 }, "end": { "line": 113, "column": 3 } },
          "line": 99
        },
        "10": {
          "name": "(anonymous_10)",
          "decl": { "start": { "line": 105, "column": 34 }, "end": { "line": 105, "column": 35 } },
          "loc": { "start": { "line": 105, "column": 40 }, "end": { "line": 105, "column": 65 } },
          "line": 105
        },
        "11": {
          "name": "(anonymous_11)",
          "decl": { "start": { "line": 126, "column": 18 }, "end": { "line": 126, "column": 19 } },
          "loc": { "start": { "line": 126, "column": 44 }, "end": { "line": 132, "column": 3 } },
          "line": 126
        },
        "12": {
          "name": "(anonymous_12)",
          "decl": { "start": { "line": 140, "column": 23 }, "end": { "line": 140, "column": 24 } },
          "loc": { "start": { "line": 141, "column": 4 }, "end": { "line": 143, "column": 10 } },
          "line": 141
        },
        "13": {
          "name": "(anonymous_13)",
          "decl": { "start": { "line": 159, "column": 27 }, "end": { "line": 159, "column": 28 } },
          "loc": { "start": { "line": 159, "column": 65 }, "end": { "line": 172, "column": 3 } },
          "line": 159
        },
        "14": {
          "name": "(anonymous_14)",
          "decl": { "start": { "line": 180, "column": 24 }, "end": { "line": 180, "column": 25 } },
          "loc": { "start": { "line": 180, "column": 33 }, "end": { "line": 184, "column": 3 } },
          "line": 180
        },
        "15": {
          "name": "(anonymous_15)",
          "decl": { "start": { "line": 192, "column": 27 }, "end": { "line": 192, "column": 28 } },
          "loc": { "start": { "line": 192, "column": 33 }, "end": { "line": 196, "column": 3 } },
          "line": 192
        },
        "16": {
          "name": "(anonymous_16)",
          "decl": { "start": { "line": 204, "column": 27 }, "end": { "line": 204, "column": 28 } },
          "loc": { "start": { "line": 204, "column": 33 }, "end": { "line": 208, "column": 3 } },
          "line": 204
        },
        "17": {
          "name": "(anonymous_17)",
          "decl": { "start": { "line": 213, "column": 27 }, "end": { "line": 213, "column": 28 } },
          "loc": { "start": { "line": 213, "column": 33 }, "end": { "line": 257, "column": 3 } },
          "line": 213
        },
        "18": {
          "name": "(anonymous_18)",
          "decl": { "start": { "line": 259, "column": 20 }, "end": { "line": 259, "column": 21 } },
          "loc": { "start": { "line": 259, "column": 26 }, "end": { "line": 267, "column": 3 } },
          "line": 259
        },
        "19": {
          "name": "(anonymous_19)",
          "decl": { "start": { "line": 269, "column": 25 }, "end": { "line": 269, "column": 26 } },
          "loc": { "start": { "line": 269, "column": 31 }, "end": { "line": 275, "column": 3 } },
          "line": 269
        },
        "20": {
          "name": "(anonymous_20)",
          "decl": { "start": { "line": 277, "column": 28 }, "end": { "line": 277, "column": 29 } },
          "loc": { "start": { "line": 277, "column": 34 }, "end": { "line": 292, "column": 3 } },
          "line": 277
        }
      },
      "branchMap": {
        "0": {
          "loc": { "start": { "line": 56, "column": 4 }, "end": { "line": 74, "column": 5 } },
          "type": "if",
          "locations": [
            { "start": { "line": 56, "column": 4 }, "end": { "line": 74, "column": 5 } },
            { "start": { "line": 56, "column": 4 }, "end": { "line": 74, "column": 5 } }
          ],
          "line": 56
        },
        "1": {
          "loc": { "start": { "line": 59, "column": 6 }, "end": { "line": 66, "column": 7 } },
          "type": "if",
          "locations": [
            { "start": { "line": 59, "column": 6 }, "end": { "line": 66, "column": 7 } },
            { "start": { "line": 59, "column": 6 }, "end": { "line": 66, "column": 7 } }
          ],
          "line": 59
        },
        "2": {
          "loc": { "start": { "line": 59, "column": 10 }, "end": { "line": 59, "column": 60 } },
          "type": "binary-expr",
          "locations": [
            { "start": { "line": 59, "column": 10 }, "end": { "line": 59, "column": 32 } },
            { "start": { "line": 59, "column": 36 }, "end": { "line": 59, "column": 60 } }
          ],
          "line": 59
        },
        "3": {
          "loc": { "start": { "line": 70, "column": 6 }, "end": { "line": 73, "column": 7 } },
          "type": "if",
          "locations": [
            { "start": { "line": 70, "column": 6 }, "end": { "line": 73, "column": 7 } },
            { "start": { "line": 70, "column": 6 }, "end": { "line": 73, "column": 7 } }
          ],
          "line": 70
        },
        "4": {
          "loc": { "start": { "line": 78, "column": 4 }, "end": { "line": 80, "column": 5 } },
          "type": "if",
          "locations": [
            { "start": { "line": 78, "column": 4 }, "end": { "line": 80, "column": 5 } },
            { "start": { "line": 78, "column": 4 }, "end": { "line": 80, "column": 5 } }
          ],
          "line": 78
        },
        "5": {
          "loc": { "start": { "line": 85, "column": 27 }, "end": { "line": 85, "column": 73 } },
          "type": "cond-expr",
          "locations": [
            { "start": { "line": 85, "column": 57 }, "end": { "line": 85, "column": 69 } },
            { "start": { "line": 85, "column": 72 }, "end": { "line": 85, "column": 73 } }
          ],
          "line": 85
        },
        "6": {
          "loc": { "start": { "line": 88, "column": 4 }, "end": { "line": 88, "column": 51 } },
          "type": "cond-expr",
          "locations": [
            { "start": { "line": 88, "column": 25 }, "end": { "line": 88, "column": 44 } },
            { "start": { "line": 88, "column": 47 }, "end": { "line": 88, "column": 51 } }
          ],
          "line": 88
        },
        "7": {
          "loc": { "start": { "line": 140, "column": 31 }, "end": { "line": 140, "column": 37 } },
          "type": "default-arg",
          "locations": [
            { "start": { "line": 140, "column": 36 }, "end": { "line": 140, "column": 37 } }
          ],
          "line": 140
        },
        "8": {
          "loc": { "start": { "line": 161, "column": 18 }, "end": { "line": 161, "column": 74 } },
          "type": "cond-expr",
          "locations": [
            { "start": { "line": 161, "column": 40 }, "end": { "line": 161, "column": 41 } },
            { "start": { "line": 161, "column": 44 }, "end": { "line": 161, "column": 74 } }
          ],
          "line": 161
        },
        "9": {
          "loc": { "start": { "line": 163, "column": 4 }, "end": { "line": 169, "column": 5 } },
          "type": "if",
          "locations": [
            { "start": { "line": 163, "column": 4 }, "end": { "line": 169, "column": 5 } },
            { "start": { "line": 163, "column": 4 }, "end": { "line": 169, "column": 5 } }
          ],
          "line": 163
        },
        "10": {
          "loc": { "start": { "line": 181, "column": 4 }, "end": { "line": 183, "column": 5 } },
          "type": "if",
          "locations": [
            { "start": { "line": 181, "column": 4 }, "end": { "line": 183, "column": 5 } },
            { "start": { "line": 181, "column": 4 }, "end": { "line": 183, "column": 5 } }
          ],
          "line": 181
        },
        "11": {
          "loc": { "start": { "line": 193, "column": 4 }, "end": { "line": 195, "column": 5 } },
          "type": "if",
          "locations": [
            { "start": { "line": 193, "column": 4 }, "end": { "line": 195, "column": 5 } },
            { "start": { "line": 193, "column": 4 }, "end": { "line": 195, "column": 5 } }
          ],
          "line": 193
        },
        "12": {
          "loc": { "start": { "line": 205, "column": 4 }, "end": { "line": 207, "column": 5 } },
          "type": "if",
          "locations": [
            { "start": { "line": 205, "column": 4 }, "end": { "line": 207, "column": 5 } },
            { "start": { "line": 205, "column": 4 }, "end": { "line": 207, "column": 5 } }
          ],
          "line": 205
        },
        "13": {
          "loc": { "start": { "line": 216, "column": 9 }, "end": { "line": 254, "column": 9 } },
          "type": "binary-expr",
          "locations": [
            { "start": { "line": 216, "column": 9 }, "end": { "line": 216, "column": 26 } },
            { "start": { "line": 217, "column": 10 }, "end": { "line": 253, "column": 13 } }
          ],
          "line": 216
        },
        "14": {
          "loc": { "start": { "line": 218, "column": 13 }, "end": { "line": 231, "column": 13 } },
          "type": "binary-expr",
          "locations": [
            { "start": { "line": 218, "column": 13 }, "end": { "line": 218, "column": 23 } },
            { "start": { "line": 219, "column": 14 }, "end": { "line": 230, "column": 30 } }
          ],
          "line": 218
        },
        "15": {
          "loc": { "start": { "line": 234, "column": 24 }, "end": { "line": 234, "column": 50 } },
          "type": "binary-expr",
          "locations": [
            { "start": { "line": 234, "column": 24 }, "end": { "line": 234, "column": 28 } },
            { "start": { "line": 234, "column": 32 }, "end": { "line": 234, "column": 50 } }
          ],
          "line": 234
        },
        "16": {
          "loc": { "start": { "line": 241, "column": 13 }, "end": { "line": 252, "column": 13 } },
          "type": "binary-expr",
          "locations": [
            { "start": { "line": 241, "column": 13 }, "end": { "line": 241, "column": 23 } },
            { "start": { "line": 242, "column": 14 }, "end": { "line": 251, "column": 30 } }
          ],
          "line": 241
        },
        "17": {
          "loc": { "start": { "line": 288, "column": 11 }, "end": { "line": 288, "column": 53 } },
          "type": "cond-expr",
          "locations": [
            { "start": { "line": 288, "column": 32 }, "end": { "line": 288, "column": 41 } },
            { "start": { "line": 288, "column": 44 }, "end": { "line": 288, "column": 53 } }
          ],
          "line": 288
        },
        "18": {
          "loc": { "start": { "line": 297, "column": 9 }, "end": { "line": 297, "column": 37 } },
          "type": "binary-expr",
          "locations": [
            { "start": { "line": 297, "column": 9 }, "end": { "line": 297, "column": 22 } },
            { "start": { "line": 297, "column": 26 }, "end": { "line": 297, "column": 37 } }
          ],
          "line": 297
        },
        "19": {
          "loc": { "start": { "line": 299, "column": 9 }, "end": { "line": 299, "column": 55 } },
          "type": "binary-expr",
          "locations": [
            { "start": { "line": 299, "column": 9 }, "end": { "line": 299, "column": 13 } },
            { "start": { "line": 299, "column": 17 }, "end": { "line": 299, "column": 55 } }
          ],
          "line": 299
        }
      },
      "s": {
        "0": 1,
        "1": 54,
        "2": 54,
        "3": 54,
        "4": 54,
        "5": 54,
        "6": 54,
        "7": 1,
        "8": 54,
        "9": 1,
        "10": 54,
        "11": 5,
        "12": 54,
        "13": 0,
        "14": 0,
        "15": 54,
        "16": 17,
        "17": 17,
        "18": 17,
        "19": 17,
        "20": 0,
        "21": 17,
        "22": 68,
        "23": 68,
        "24": 17,
        "25": 17,
        "26": 17,
        "27": 16,
        "28": 16,
        "29": 0,
        "30": 0,
        "31": 54,
        "32": 0,
        "33": 0,
        "34": 53,
        "35": 53,
        "36": 53,
        "37": 144,
        "38": 1,
        "39": 53,
        "40": 54,
        "41": 53,
        "42": 54,
        "43": 38,
        "44": 54,
        "45": 37,
        "46": 37,
        "47": 37,
        "48": 1,
        "49": 1,
        "50": 2,
        "51": 36,
        "52": 37,
        "53": 54,
        "54": 2,
        "55": 2,
        "56": 54,
        "57": 1,
        "58": 1,
        "59": 54,
        "60": 0,
        "61": 0,
        "62": 54,
        "63": 54,
        "64": 54,
        "65": 53,
        "66": 54,
        "67": 54,
        "68": 54,
        "69": 54,
        "70": 54,
        "71": 1
      },
      "f": {
        "0": 54,
        "1": 1,
        "2": 1,
        "3": 5,
        "4": 0,
        "5": 17,
        "6": 68,
        "7": 0,
        "8": 0,
        "9": 53,
        "10": 1,
        "11": 53,
        "12": 38,
        "13": 37,
        "14": 2,
        "15": 1,
        "16": 0,
        "17": 54,
        "18": 53,
        "19": 54,
        "20": 54
      },
      "b": {
        "0": [17, 0],
        "1": [0, 17],
        "2": [17, 17],
        "3": [16, 1],
        "4": [0, 0],
        "5": [0, 0],
        "6": [34, 20],
        "7": [36],
        "8": [30, 7],
        "9": [1, 36],
        "10": [2, 0],
        "11": [1, 0],
        "12": [0, 0],
        "13": [54, 37],
        "14": [37, 36],
        "15": [37, 37],
        "16": [37, 36],
        "17": [34, 20],
        "18": [54, 53],
        "19": [54, 53]
      },
      "_coverageSchema": "43e27e138ebf9cfc5966b082cf9a028302ed4184",
      "hash": "871e025aa3d1640285bc06020b0a1fc427bdfffc"
    },
    "C:\\Users\\amajain3\\Documents\\atomic-react-components\\lib\\components\\molecules\\AtomicCarousel\\AtomicCarousel.style.js": {
      "path": "C:\\Users\\amajain3\\Documents\\atomic-react-components\\lib\\components\\molecules\\AtomicCarousel\\AtomicCarousel.style.js",
      "statementMap": {
        "0": { "start": { "line": 3, "column": 16 }, "end": { "line": 6, "column": 1 } },
        "1": { "start": { "line": 8, "column": 15 }, "end": { "line": 152, "column": 1 } },
        "2": { "start": { "line": 15, "column": 24 }, "end": { "line": 15, "column": 66 } },
        "3": { "start": { "line": 24, "column": 15 }, "end": { "line": 24, "column": 45 } },
        "4": { "start": { "line": 49, "column": 27 }, "end": { "line": 49, "column": 61 } },
        "5": { "start": { "line": 50, "column": 19 }, "end": { "line": 52, "column": 9 } },
        "6": { "start": { "line": 74, "column": 15 }, "end": { "line": 74, "column": 46 } },
        "7": { "start": { "line": 95, "column": 6 }, "end": { "line": 95, "column": 68 } },
        "8": { "start": { "line": 105, "column": 6 }, "end": { "line": 105, "column": 67 } },
        "9": { "start": { "line": 117, "column": 27 }, "end": { "line": 117, "column": 52 } },
        "10": { "start": { "line": 144, "column": 18 }, "end": { "line": 144, "column": 78 } },
        "11": { "start": { "line": 149, "column": 18 }, "end": { "line": 149, "column": 81 } }
      },
      "fnMap": {
        "0": {
          "name": "(anonymous_0)",
          "decl": { "start": { "line": 15, "column": 14 }, "end": { "line": 15, "column": 15 } },
          "loc": { "start": { "line": 15, "column": 24 }, "end": { "line": 15, "column": 66 } },
          "line": 15
        },
        "1": {
          "name": "(anonymous_1)",
          "decl": { "start": { "line": 24, "column": 6 }, "end": { "line": 24, "column": 7 } },
          "loc": { "start": { "line": 24, "column": 15 }, "end": { "line": 24, "column": 45 } },
          "line": 24
        },
        "2": {
          "name": "(anonymous_2)",
          "decl": { "start": { "line": 49, "column": 18 }, "end": { "line": 49, "column": 19 } },
          "loc": { "start": { "line": 49, "column": 27 }, "end": { "line": 49, "column": 61 } },
          "line": 49
        },
        "3": {
          "name": "(anonymous_3)",
          "decl": { "start": { "line": 50, "column": 10 }, "end": { "line": 50, "column": 11 } },
          "loc": { "start": { "line": 50, "column": 19 }, "end": { "line": 52, "column": 9 } },
          "line": 50
        },
        "4": {
          "name": "(anonymous_4)",
          "decl": { "start": { "line": 74, "column": 6 }, "end": { "line": 74, "column": 7 } },
          "loc": { "start": { "line": 74, "column": 15 }, "end": { "line": 74, "column": 46 } },
          "line": 74
        },
        "5": {
          "name": "(anonymous_5)",
          "decl": { "start": { "line": 94, "column": 29 }, "end": { "line": 94, "column": 30 } },
          "loc": { "start": { "line": 95, "column": 6 }, "end": { "line": 95, "column": 68 } },
          "line": 95
        },
        "6": {
          "name": "(anonymous_6)",
          "decl": { "start": { "line": 104, "column": 29 }, "end": { "line": 104, "column": 30 } },
          "loc": { "start": { "line": 105, "column": 6 }, "end": { "line": 105, "column": 67 } },
          "line": 105
        },
        "7": {
          "name": "(anonymous_7)",
          "decl": { "start": { "line": 117, "column": 18 }, "end": { "line": 117, "column": 19 } },
          "loc": { "start": { "line": 117, "column": 27 }, "end": { "line": 117, "column": 52 } },
          "line": 117
        },
        "8": {
          "name": "(anonymous_8)",
          "decl": { "start": { "line": 144, "column": 8 }, "end": { "line": 144, "column": 9 } },
          "loc": { "start": { "line": 144, "column": 18 }, "end": { "line": 144, "column": 78 } },
          "line": 144
        },
        "9": {
          "name": "(anonymous_9)",
          "decl": { "start": { "line": 149, "column": 8 }, "end": { "line": 149, "column": 9 } },
          "loc": { "start": { "line": 149, "column": 18 }, "end": { "line": 149, "column": 81 } },
          "line": 149
        }
      },
      "branchMap": {
        "0": {
          "loc": { "start": { "line": 15, "column": 24 }, "end": { "line": 15, "column": 66 } },
          "type": "cond-expr",
          "locations": [
            { "start": { "line": 15, "column": 41 }, "end": { "line": 15, "column": 54 } },
            { "start": { "line": 15, "column": 57 }, "end": { "line": 15, "column": 66 } }
          ],
          "line": 15
        },
        "1": {
          "loc": { "start": { "line": 95, "column": 6 }, "end": { "line": 95, "column": 68 } },
          "type": "cond-expr",
          "locations": [
            { "start": { "line": 95, "column": 23 }, "end": { "line": 95, "column": 37 } },
            { "start": { "line": 95, "column": 40 }, "end": { "line": 95, "column": 68 } }
          ],
          "line": 95
        },
        "2": {
          "loc": { "start": { "line": 105, "column": 6 }, "end": { "line": 105, "column": 67 } },
          "type": "cond-expr",
          "locations": [
            { "start": { "line": 105, "column": 23 }, "end": { "line": 105, "column": 37 } },
            { "start": { "line": 105, "column": 40 }, "end": { "line": 105, "column": 67 } }
          ],
          "line": 105
        },
        "3": {
          "loc": { "start": { "line": 144, "column": 18 }, "end": { "line": 144, "column": 78 } },
          "type": "cond-expr",
          "locations": [
            { "start": { "line": 144, "column": 35 }, "end": { "line": 144, "column": 49 } },
            { "start": { "line": 144, "column": 52 }, "end": { "line": 144, "column": 78 } }
          ],
          "line": 144
        },
        "4": {
          "loc": { "start": { "line": 149, "column": 18 }, "end": { "line": 149, "column": 81 } },
          "type": "cond-expr",
          "locations": [
            { "start": { "line": 149, "column": 36 }, "end": { "line": 149, "column": 51 } },
            { "start": { "line": 149, "column": 54 }, "end": { "line": 149, "column": 81 } }
          ],
          "line": 149
        }
      },
      "s": {
        "0": 1,
        "1": 1,
        "2": 0,
        "3": 0,
        "4": 0,
        "5": 0,
        "6": 0,
        "7": 0,
        "8": 0,
        "9": 0,
        "10": 0,
        "11": 0
      },
      "f": { "0": 0, "1": 0, "2": 0, "3": 0, "4": 0, "5": 0, "6": 0, "7": 0, "8": 0, "9": 0 },
      "b": { "0": [0, 0], "1": [0, 0], "2": [0, 0], "3": [0, 0], "4": [0, 0] },
      "_coverageSchema": "43e27e138ebf9cfc5966b082cf9a028302ed4184",
      "hash": "584accba1a1ec20e49600d85da9ac5022ec67460"
    },
    "C:\\Users\\amajain3\\Documents\\atomic-react-components\\lib\\components\\molecules\\ArticleThumbnail\\ArticleThumbnail.js": {
      "path": "C:\\Users\\amajain3\\Documents\\atomic-react-components\\lib\\components\\molecules\\ArticleThumbnail\\ArticleThumbnail.js",
      "statementMap": {
        "0": { "start": { "line": 15, "column": 10 }, "end": { "line": 15, "column": 11 } },
        "1": { "start": { "line": 17, "column": 25 }, "end": { "line": 21, "column": 1 } },
        "2": { "start": { "line": 18, "column": 2 }, "end": { "line": 20, "column": 11 } },
        "3": { "start": { "line": 23, "column": 25 }, "end": { "line": 44, "column": 1 } },
        "4": { "start": { "line": 30, "column": 19 }, "end": { "line": 30, "column": 69 } },
        "5": { "start": { "line": 31, "column": 2 }, "end": { "line": 33, "column": 3 } },
        "6": { "start": { "line": 32, "column": 4 }, "end": { "line": 32, "column": 59 } },
        "7": { "start": { "line": 34, "column": 2 }, "end": { "line": 37, "column": 3 } },
        "8": { "start": { "line": 35, "column": 25 }, "end": { "line": 35, "column": 71 } },
        "9": { "start": { "line": 36, "column": 4 }, "end": { "line": 36, "column": 94 } },
        "10": { "start": { "line": 39, "column": 2 }, "end": { "line": 43, "column": 4 } },
        "11": { "start": { "line": 46, "column": 0 }, "end": { "line": 48, "column": 2 } }
      },
      "fnMap": {
        "0": {
          "name": "(anonymous_0)",
          "decl": { "start": { "line": 17, "column": 25 }, "end": { "line": 17, "column": 26 } },
          "loc": { "start": { "line": 18, "column": 2 }, "end": { "line": 20, "column": 11 } },
          "line": 18
        },
        "1": {
          "name": "(anonymous_1)",
          "decl": { "start": { "line": 23, "column": 25 }, "end": { "line": 23, "column": 26 } },
          "loc": { "start": { "line": 29, "column": 19 }, "end": { "line": 44, "column": 1 } },
          "line": 29
        }
      },
      "branchMap": {
        "0": {
          "loc": { "start": { "line": 31, "column": 2 }, "end": { "line": 33, "column": 3 } },
          "type": "if",
          "locations": [
            { "start": { "line": 31, "column": 2 }, "end": { "line": 33, "column": 3 } },
            { "start": { "line": 31, "column": 2 }, "end": { "line": 33, "column": 3 } }
          ],
          "line": 31
        },
        "1": {
          "loc": { "start": { "line": 31, "column": 6 }, "end": { "line": 31, "column": 36 } },
          "type": "binary-expr",
          "locations": [
            { "start": { "line": 31, "column": 6 }, "end": { "line": 31, "column": 21 } },
            { "start": { "line": 31, "column": 25 }, "end": { "line": 31, "column": 36 } }
          ],
          "line": 31
        },
        "2": {
          "loc": { "start": { "line": 34, "column": 2 }, "end": { "line": 37, "column": 3 } },
          "type": "if",
          "locations": [
            { "start": { "line": 34, "column": 2 }, "end": { "line": 37, "column": 3 } },
            { "start": { "line": 34, "column": 2 }, "end": { "line": 37, "column": 3 } }
          ],
          "line": 34
        }
      },
      "s": {
        "0": 0,
        "1": 0,
        "2": 0,
        "3": 0,
        "4": 0,
        "5": 0,
        "6": 0,
        "7": 0,
        "8": 0,
        "9": 0,
        "10": 0,
        "11": 0
      },
      "f": { "0": 0, "1": 0 },
      "b": { "0": [0, 0], "1": [0, 0], "2": [0, 0] },
      "hash": "b184310f5a7e22cc41d41deb96f56654a684671a"
    }
  }
}
